BarcodeEmbeddedScanner/app/build/intermediates/manifest_merge_blame_file/debug/manifest-merger-blame-debug-report.txt
1<?xml version="1.0" encoding="utf-8"?>
2<manifest xmlns:android="http://schemas.android.com/apk/res/android"
3    package="com.vuzix.sample.barcode_sample"
4    android:versionCode="1"
5    android:versionName="1.0" >
6
7    <uses-sdk
8        android:minSdkVersion="23"
8-->src\main\AndroidManifest.xml
9        android:targetSdkVersion="23" />
9-->src\main\AndroidManifest.xml
10
11    <uses-permission android:name="android.permission.CAMERA" />
11-->src\main\AndroidManifest.xml:4:5-64
11-->src\main\AndroidManifest.xml:4:22-62
12
13    <application
13-->src\main\AndroidManifest.xml:6:5-22:19
14        android:allowBackup="true"
14-->src\main\AndroidManifest.xml:7:9-35
15        android:debuggable="true"
16        android:extractNativeLibs="false"
17        android:label="@string/app_name"
17-->src\main\AndroidManifest.xml:8:9-41
18        android:supportsRtl="true"
18-->src\main\AndroidManifest.xml:9:9-35
19        android:theme="@android:style/Theme.Material" >
19-->src\main\AndroidManifest.xml:10:9-54
20        <activity
20-->src\main\AndroidManifest.xml:12:9-21:20
21            android:name="com.vuzix.sample.barcode_scan.MainActivity"
21-->src\main\AndroidManifest.xml:13:13-70
22            android:label="@string/main_activity_name"
22-->src\main\AndroidManifest.xml:14:13-55
23            android:screenOrientation="sensorLandscape"
23-->src\main\AndroidManifest.xml:15:13-56
24            android:theme="@android:style/Theme.Material.NoActionBar.Fullscreen" >
24-->src\main\AndroidManifest.xml:16:13-81
25            <intent-filter>
25-->src\main\AndroidManifest.xml:17:13-20:29
26                <action android:name="android.intent.action.MAIN" />
26-->src\main\AndroidManifest.xml:18:17-68
26-->src\main\AndroidManifest.xml:18:25-66
27
28                <category android:name="android.intent.category.LAUNCHER" />
28-->src\main\AndroidManifest.xml:19:17-76
28-->src\main\AndroidManifest.xml:19:27-74
29            </intent-filter>
30        </activity>
31    </application>
32
33</manifest>